INFO    : PreTeXt project found in `/Users/chengminhua/pretext_mybooks/minimal`.
INFO    : Since no build target was supplied, the first target of the project.ptx manifest (html) will be built.
WARNING : Assets like latex-images will not be regenerated for this build
WARNING : (previously generated assets will be used if they exist).
WARNING : To generate these assets before building, run `pretext build -g`.
WARNING : Destroying directory /Users/chengminhua/pretext_mybooks/minimal/output/html to clean previously built files.
INFO    : Preparing to build into /Users/chengminhua/pretext_mybooks/minimal/output/html.
INFO    : 
Now building HTML into /Users/chengminhua/pretext_mybooks/minimal/output/html

INFO    : discovering source file's directory name: /Users/chengminhua/pretext_mybooks/minimal/source
INFO    : verifying and expanding input directory: /Users/chengminhua/pretext_mybooks/minimal/source/../generated-assets
INFO    : input directory expanded to absolute path: /Users/chengminhua/pretext_mybooks/minimal/generated-assets
INFO    : verifying and expanding input directory: /Users/chengminhua/pretext_mybooks/minimal/source/../assets
INFO    : input directory expanded to absolute path: /Users/chengminhua/pretext_mybooks/minimal/assets
INFO    : Runestone Services (via PreTeXt repository): version 6.3.16
INFO    : Runestone Services (using newer, via online CDN query): version 6.3.24
INFO    : converting /Users/chengminhua/pretext_mybooks/minimal/source/main.ptx to HTML in /var/folders/6f/_w0_q0qn67xg72d9k6bm6_wr0000gn/T/tmp0yl9bvm8
INFO    : XSL conversion of /Users/chengminhua/pretext_mybooks/minimal/source/main.ptx by /Users/chengminhua/.ptx/xsl/pretext-html.xsl
INFO    : comprehensive messages, warnings, and errors:
INFO    :     * PTX:ERROR:      The @xml:id "sec-简单" is invalid.  Use only letters, numbers, hyphens and underscores.
INFO    : successful application of /Users/chengminhua/.ptx/xsl/pretext-html.xsl
INFO    : 
Success! Run `pretext view html` to see the results.

